<?xml version="1.0" encoding="UTF-8"?>
<!-- Generated by org.testng.reporters.JUnitReportReporter -->
<testsuite hostname="DESKTOP-M81U1OF" failures="0" tests="1" name="Operation.Get" time="15.764" errors="0" timestamp="2022-11-04T13:26:07 IST" skipped="0">
  <testcase classname="Operation.Get" name="get" time="15.764"/>
  <system-out/>
</testsuite> <!-- Operation.Get -->
