<?xml version="1.0" encoding="UTF-8"?>
<!-- Generated by org.testng.reporters.JUnitReportReporter -->
<testsuite hostname="DESKTOP-M81U1OF" failures="0" tests="5" name="runner.Runner" time="0.476" errors="0" timestamp="2022-11-05T09:40:56 IST" skipped="0">
  <testcase classname="runner.Runner" name="runScenario" time="0.041"/>
  <system-out/>
  <testcase classname="runner.Runner" name="runScenario" time="0.027"/>
  <system-out/>
  <testcase classname="runner.Runner" name="runScenario" time="0.344"/>
  <system-out/>
  <testcase classname="runner.Runner" name="runScenario" time="0.024"/>
  <system-out/>
  <testcase classname="runner.Runner" name="runScenario" time="0.040"/>
  <system-out/>
</testsuite> <!-- runner.Runner -->
