<?xml version="1.0" encoding="UTF-8"?>
<!-- Generated by org.testng.reporters.JUnitReportReporter -->
<testsuite hostname="DESKTOP-M81U1OF" failures="0" tests="1" name="Operation.Delete" time="3.872" errors="0" timestamp="2022-11-04T13:33:03 IST" skipped="0">
  <testcase classname="Operation.Delete" name="delete" time="3.872"/>
  <system-out/>
</testsuite> <!-- Operation.Delete -->
