<?xml version="1.0" encoding="UTF-8"?>
<!-- Generated by org.testng.reporters.JUnitReportReporter -->
<testsuite hostname="DESKTOP-M81U1OF" failures="0" tests="1" name="Operation.GetByID" time="4.189" errors="0" timestamp="2022-11-04T13:27:27 IST" skipped="0">
  <testcase classname="Operation.GetByID" name="getById" time="4.189"/>
  <system-out/>
</testsuite> <!-- Operation.GetByID -->
