<?xml version="1.0" encoding="UTF-8"?>
<!-- Generated by org.testng.reporters.JUnitReportReporter -->
<testsuite hostname="DESKTOP-M81U1OF" failures="0" tests="1" name="runner.GetIDSteps" time="0.325" errors="0" timestamp="2022-11-02T15:16:37 IST" skipped="0">
  <testcase classname="runner.GetIDSteps" name="runScenario" time="0.325"/>
  <system-out/>
</testsuite> <!-- runner.GetIDSteps -->
