<?xml version="1.0" encoding="UTF-8"?>
<!-- Generated by org.testng.reporters.JUnitReportReporter -->
<testsuite hostname="DESKTOP-M81U1OF" failures="0" tests="1" name="Operation.PutReq" time="4.763" errors="0" timestamp="2022-11-04T13:29:10 IST" skipped="0">
  <testcase classname="Operation.PutReq" name="put" time="4.763"/>
  <system-out/>
</testsuite> <!-- Operation.PutReq -->
