<?xml version="1.0" encoding="UTF-8"?>
<!-- Generated by org.testng.reporters.JUnitReportReporter -->
<testsuite hostname="DESKTOP-M81U1OF" failures="0" tests="1" name="runner.GetRunner" time="0.443" errors="0" timestamp="2022-11-02T15:07:26 IST" skipped="0">
  <testcase classname="runner.GetRunner" name="runScenario" time="0.443"/>
  <system-out/>
</testsuite> <!-- runner.GetRunner -->
