<?xml version="1.0" encoding="UTF-8"?>
<!-- Generated by org.testng.reporters.JUnitReportReporter -->
<testsuite hostname="DESKTOP-M81U1OF" failures="0" tests="1" name="BasicAuth.Auth" time="7.630" errors="0" timestamp="2022-11-03T13:11:48 IST" skipped="0">
  <testcase classname="BasicAuth.Auth" name="auth" time="7.630"/>
  <system-out/>
</testsuite> <!-- BasicAuth.Auth -->
