<?xml version="1.0" encoding="UTF-8"?>
<!-- Generated by org.testng.reporters.JUnitReportReporter -->
<testsuite hostname="DESKTOP-M81U1OF" failures="0" tests="1" name="Operation.PostReq" time="6.869" errors="0" timestamp="2022-11-04T13:20:02 IST" skipped="0">
  <testcase classname="Operation.PostReq" name="Post" time="6.869"/>
  <system-out/>
</testsuite> <!-- Operation.PostReq -->
